ERROR NotFound: 2025-04-09T01:37:21.617Z [POST] http://cms.blog.esolia.pro:3000/admin/collection/posts/edit/20250409-battery-health-en.md - No such file or directory (os error 2): readfile '/root/www/src/posts/20250409-battery-health-en.md'
    at Object.readTextFile (ext:deno_fs/30_fs.js:784:24)
    at FsEntry.readData (https://cdn.jsdelivr.net/gh/lumeland/cms@d50159470f8741692fb9fbbb70bcea13848a6ee4/storage/fs.ts:114:32)
    at Document.read (https://cdn.jsdelivr.net/gh/lumeland/cms@d50159470f8741692fb9fbbb70bcea13848a6ee4/core/document.ts:50:33)
    at Document.write (https://cdn.jsdelivr.net/gh/lumeland/cms@d50159470f8741692fb9fbbb70bcea13848a6ee4/core/document.ts:60:34)
    at Object.handler (https://cdn.jsdelivr.net/gh/lumeland/cms@d50159470f8741692fb9fbbb70bcea13848a6ee4/core/routes/collection.ts:70:22)
    at eventLoopTick (ext:core/01_core.js:178:7)
    at async dispatch (https://jsr.io/@hono/hono/4.7.5/src/compose.ts:51:17)
    at async handler (https://jsr.io/@hono/hono/4.7.5/src/hono-base.ts:217:12)
    at async dispatch (https://jsr.io/@hono/hono/4.7.5/src/compose.ts:51:17)
    at async dispatch (https://jsr.io/@hono/hono/4.7.5/src/compose.ts:51:17)
ERROR NotFound: 2025-04-09T01:37:43.664Z [POST] http://cms.blog.esolia.pro:3000/admin/collection/posts/edit/20250409-battery-health-en.md - No such file or directory (os error 2): readfile '/root/www/src/posts/20250409-battery-health-en.md'
    at Object.readTextFile (ext:deno_fs/30_fs.js:784:24)
    at FsEntry.readData (https://cdn.jsdelivr.net/gh/lumeland/cms@d50159470f8741692fb9fbbb70bcea13848a6ee4/storage/fs.ts:114:32)
    at Document.read (https://cdn.jsdelivr.net/gh/lumeland/cms@d50159470f8741692fb9fbbb70bcea13848a6ee4/core/document.ts:50:33)
    at Document.write (https://cdn.jsdelivr.net/gh/lumeland/cms@d50159470f8741692fb9fbbb70bcea13848a6ee4/core/document.ts:60:34)
    at Object.handler (https://cdn.jsdelivr.net/gh/lumeland/cms@d50159470f8741692fb9fbbb70bcea13848a6ee4/core/routes/collection.ts:70:22)
    at eventLoopTick (ext:core/01_core.js:178:7)
    at async dispatch (https://jsr.io/@hono/hono/4.7.5/src/compose.ts:51:17)
    at async handler (https://jsr.io/@hono/hono/4.7.5/src/hono-base.ts:217:12)
    at async dispatch (https://jsr.io/@hono/hono/4.7.5/src/compose.ts:51:17)
    at async dispatch (https://jsr.io/@hono/hono/4.7.5/src/compose.ts:51:17)
